<?xml version="1.0" encoding="UTF-8"?>
<!-- Generated by org.testng.reporters.JUnitReportReporter -->
<testsuite hostname="Bajwa" failures="0" tests="1" name="TestNG.Verifydropdown" time="0.305" errors="0" timestamp="20 Jul 2018 20:28:45 GMT" skipped="0">
  <testcase classname="TestNG.Verifydropdown" name="f" time="0.305"/>
</testsuite> <!-- TestNG.Verifydropdown -->
