<?xml version="1.0" encoding="UTF-8"?>
<!-- Generated by org.testng.reporters.JUnitReportReporter -->
<testsuite hostname="Bajwa" failures="0" tests="1" name="ioSyreams.login_testdata" time="3.926" errors="0" timestamp="20 Jul 2018 23:18:34 GMT" skipped="0">
  <testcase classname="ioSyreams.login_testdata" name="f" time="3.926"/>
</testsuite> <!-- ioSyreams.login_testdata -->
