<?xml version="1.0" encoding="UTF-8"?>
<!-- Generated by org.testng.reporters.JUnitReportReporter -->
<testsuite hostname="Bajwa" failures="0" tests="1" name="TestNG.Adddatato_outputfile" time="0.210" errors="0" timestamp="22 Jul 2018 02:57:17 GMT" skipped="0">
  <testcase classname="TestNG.Adddatato_outputfile" name="f" time="0.210"/>
</testsuite> <!-- TestNG.Adddatato_outputfile -->
