<?xml version="1.0" encoding="UTF-8"?>
<!-- Generated by org.testng.reporters.JUnitReportReporter -->
<testsuite hostname="Bajwa" failures="0" tests="1" name="TestNG.printlinks" time="2.403" errors="0" timestamp="21 Oct 2018 22:59:53 GMT" skipped="0">
  <testcase classname="TestNG.printlinks" name="f" time="2.403"/>
</testsuite> <!-- TestNG.printlinks -->
