<?xml version="1.0" encoding="UTF-8"?>
<!-- Generated by org.testng.reporters.JUnitReportReporter -->
<testsuite hostname="Bajwa" failures="0" tests="2" name="TestNG.Spice_A_C_I" time="21.717" errors="0" timestamp="18 Jul 2018 21:49:17 GMT" skipped="0">
  <testcase classname="TestNG.Spice_A_C_I" name="f1" time="12.701"/>
  <testcase classname="TestNG.Spice_A_C_I" name="f2" time="9.016"/>
</testsuite> <!-- TestNG.Spice_A_C_I -->
