<?xml version="1.0" encoding="UTF-8"?>
<!-- Generated by org.testng.reporters.JUnitReportReporter -->
<testsuite hostname="Bajwa" failures="0" tests="1" name="TestNG.webhandle" time="0.776" errors="0" timestamp="20 Jul 2018 20:37:36 GMT" skipped="0">
  <testcase classname="TestNG.webhandle" name="f" time="0.776"/>
</testsuite> <!-- TestNG.webhandle -->
