<?xml version="1.0" encoding="UTF-8"?>
<!-- Generated by org.testng.reporters.JUnitReportReporter -->
<testsuite hostname="Bajwa" failures="0" tests="2" name="TestNG.spicejet_alert" time="51.803" errors="0" timestamp="18 Jul 2018 20:32:52 GMT" skipped="0">
  <testcase classname="TestNG.spicejet_alert" name="f" time="13.277"/>
  <testcase classname="TestNG.spicejet_alert" name="verifyalert" time="38.526"/>
</testsuite> <!-- TestNG.spicejet_alert -->
