<?xml version="1.0" encoding="UTF-8"?>
<!-- Generated by org.testng.reporters.JUnitReportReporter -->
<testsuite hostname="Bajwa" failures="0" tests="1" name="printlinks" time="0.689" errors="0" timestamp="04 Dec 2018 05:19:51 GMT" skipped="0">
  <testcase classname="printlinks" name="f" time="0.689"/>
</testsuite> <!-- printlinks -->
