<?xml version="1.0" encoding="UTF-8"?>
<!-- Generated by org.testng.reporters.JUnitReportReporter -->
<testsuite hostname="Bajwa" failures="0" tests="1" name="corejava.palindrome" time="0.104" errors="0" timestamp="29 Sep 2018 20:55:36 GMT" skipped="0">
  <testcase classname="corejava.palindrome" name="f" time="0.104"/>
</testsuite> <!-- corejava.palindrome -->
