<?xml version="1.0" encoding="UTF-8"?>
<!-- Generated by org.testng.reporters.JUnitReportReporter -->
<testsuite hostname="Bajwa" failures="0" tests="1" name="corejava.splitstrin1" time="0.015" errors="0" timestamp="17 Jul 2018 00:49:34 GMT" skipped="0">
  <testcase classname="corejava.splitstrin1" name="f" time="0.015"/>
</testsuite> <!-- corejava.splitstrin1 -->
