<?xml version="1.0" encoding="UTF-8"?>
<!-- Generated by org.testng.reporters.JUnitReportReporter -->
<testsuite hostname="Bajwa" failures="0" tests="2" name="ioStreams.OR" time="27.009" errors="0" timestamp="21 Jul 2018 03:56:06 GMT" skipped="0">
  <testcase classname="ioStreams.OR" name="verifylogout" time="3.129"/>
  <testcase classname="ioStreams.OR" name="verifylogin" time="23.880"/>
</testsuite> <!-- ioStreams.OR -->
