<?xml version="1.0" encoding="UTF-8"?>
<!-- Generated by org.testng.reporters.JUnitReportReporter -->
<testsuite hostname="Bajwa" failures="0" tests="1" name="ioStreams.Retesting_testdata" time="30.291" errors="0" timestamp="21 Jul 2018 07:50:23 GMT" skipped="0">
  <testcase classname="ioStreams.Retesting_testdata" name="f" time="30.291"/>
</testsuite> <!-- ioStreams.Retesting_testdata -->
