<?xml version="1.0" encoding="UTF-8"?>
<!-- Generated by org.testng.reporters.JUnitReportReporter -->
<testsuite hostname="Bajwa" failures="0" tests="1" name="TestNG.Validation_cmds" time="7.186" errors="0" timestamp="20 Jul 2018 21:15:41 GMT" skipped="0">
  <testcase classname="TestNG.Validation_cmds" name="f" time="7.186"/>
</testsuite> <!-- TestNG.Validation_cmds -->
