<?xml version="1.0" encoding="UTF-8"?>
<!-- Generated by org.testng.reporters.JUnitReportReporter -->
<testsuite hostname="Bajwa" failures="0" tests="1" name="TestNG.Expedia" time="146.319" errors="0" timestamp="21 Sep 2018 04:24:03 GMT" skipped="0">
  <testcase classname="TestNG.Expedia" name="hotelbooking" time="146.319"/>
</testsuite> <!-- TestNG.Expedia -->
