<?xml version="1.0" encoding="UTF-8"?>
<!-- Generated by org.testng.reporters.JUnitReportReporter -->
<testsuite hostname="Bajwa" failures="0" tests="1" name="ioStreams.CreateExcelfile" time="0.199" errors="0" timestamp="22 Jul 2018 01:27:33 GMT" skipped="0">
  <testcase classname="ioStreams.CreateExcelfile" name="f" time="0.199"/>
</testsuite> <!-- ioStreams.CreateExcelfile -->
