<?xml version="1.0" encoding="UTF-8"?>
<!-- Generated by org.testng.reporters.JUnitReportReporter -->
<testsuite hostname="Bajwa" failures="0" tests="1" name="corejava.Splitstring" time="0.010" errors="0" timestamp="17 Jul 2018 00:49:19 GMT" skipped="0">
  <testcase classname="corejava.Splitstring" name="f" time="0.010"/>
</testsuite> <!-- corejava.Splitstring -->
