<?xml version="1.0" encoding="UTF-8"?>
<!-- Generated by org.testng.reporters.JUnitReportReporter -->
<testsuite hostname="Bajwa" failures="0" tests="1" name="TestNG.printlinks" time="0.653" errors="0" timestamp="22 Aug 2018 04:10:14 GMT" skipped="0">
  <testcase classname="TestNG.printlinks" name="f" time="0.653"/>
</testsuite> <!-- TestNG.printlinks -->
