<?xml version="1.0" encoding="UTF-8"?>
<!-- Generated by org.testng.reporters.JUnitReportReporter -->
<testsuite hostname="Bajwa" failures="0" tests="1" name="TestNG.Ajax" time="6.430" errors="0" timestamp="20 Jul 2018 20:28:45 GMT" skipped="0">
  <testcase classname="TestNG.Ajax" name="f" time="6.430"/>
</testsuite> <!-- TestNG.Ajax -->
