<?xml version="1.0" encoding="UTF-8"?>
<!-- Generated by org.testng.reporters.JUnitReportReporter -->
<testsuite hostname="Bajwa" failures="0" tests="1" name="TestNG.Ajax" time="5.470" errors="0" timestamp="10 Oct 2018 00:43:13 GMT" skipped="0">
  <testcase classname="TestNG.Ajax" name="f" time="5.470"/>
</testsuite> <!-- TestNG.Ajax -->
