<?xml version="1.0" encoding="UTF-8"?>
<!-- Generated by org.testng.reporters.JUnitReportReporter -->
<testsuite hostname="Bajwa" failures="0" tests="1" name="corejava.plain1" time="0.032" errors="0" timestamp="01 Oct 2018 00:33:52 GMT" skipped="0">
  <testcase classname="corejava.plain1" name="f" time="0.032"/>
</testsuite> <!-- corejava.plain1 -->
