<?xml version="1.0" encoding="UTF-8"?>
<!-- Generated by org.testng.reporters.JUnitReportReporter -->
<testsuite hostname="Bajwa" failures="0" tests="1" name="TestNG.Palindrome" time="0.023" errors="0" timestamp="16 Jul 2018 00:05:24 GMT" skipped="0">
  <testcase classname="TestNG.Palindrome" name="f" time="0.023"/>
</testsuite> <!-- TestNG.Palindrome -->
