<?xml version="1.0" encoding="UTF-8"?>
<!-- Generated by org.testng.reporters.JUnitReportReporter -->
<testsuite hostname="Bajwa" failures="0" tests="1" name="ioStreams.Login_Results" time="22.533" errors="0" timestamp="22 Jul 2018 02:58:07 GMT" skipped="0">
  <testcase classname="ioStreams.Login_Results" name="f" time="22.533"/>
</testsuite> <!-- ioStreams.Login_Results -->
