<?xml version="1.0" encoding="UTF-8"?>
<!-- Generated by org.testng.reporters.JUnitReportReporter -->
<testsuite hostname="Bajwa" failures="0" tests="1" name="TestNG.gmail_login_logout" time="0.469" errors="0" timestamp="20 Jul 2018 20:28:45 GMT" skipped="0">
  <testcase classname="TestNG.gmail_login_logout" name="gmail_login" time="0.469"/>
</testsuite> <!-- TestNG.gmail_login_logout -->
